[debug] [2025-02-16T01:00:21.759Z] ----------------------------------------------------------------------
[debug] [2025-02-16T01:00:21.764Z] Command:       C:\Program Files\nodejs\node.exe C:\Users\huynh\AppData\Roaming\npm\node_modules\firebase-tools\lib\bin\firebase.js init
[debug] [2025-02-16T01:00:21.765Z] CLI Version:   13.29.1
[debug] [2025-02-16T01:00:21.765Z] Platform:      win32
[debug] [2025-02-16T01:00:21.765Z] Node Version:  v22.12.0
[debug] [2025-02-16T01:00:21.766Z] Time:          Sun Feb 16 2025 08:00:21 GMT+0700 (Indochina Time)
[debug] [2025-02-16T01:00:21.766Z] ----------------------------------------------------------------------
[debug] 
[debug] [2025-02-16T01:00:21.903Z] > command requires scopes: ["email","openid","https://www.googleapis.com/auth/cloudplatformprojects.readonly","https://www.googleapis.com/auth/firebase","https://www.googleapis.com/auth/cloud-platform"]
[debug] [2025-02-16T01:00:21.904Z] > authorizing via signed-in user (huynh8a0k5@gmail.com)
[info] 
     ######## #### ########  ######## ########     ###     ######  ########
     ##        ##  ##     ## ##       ##     ##  ##   ##  ##       ##
     ######    ##  ########  ######   ########  #########  ######  ######
     ##        ##  ##    ##  ##       ##     ## ##     ##       ## ##
     ##       #### ##     ## ######## ########  ##     ##  ######  ########

You're about to initialize a Firebase project in this directory:

  C:\Users\huynh

Before we get started, keep in mind:

  * You are initializing within an existing Firebase project directory

[info] 
=== Project Setup
[info] 
[info] First, let's associate this project directory with a Firebase project.
[info] You can create multiple project aliases by running firebase use --add, 
[info] but for now we'll just set up a default project.
[info] 
[debug] [2025-02-16T01:01:13.298Z] Using project from CLI flag: zen-2025
[debug] [2025-02-16T01:01:13.301Z] Checked if tokens are valid: true, expires at: 1739669863470
[debug] [2025-02-16T01:01:13.301Z] Checked if tokens are valid: true, expires at: 1739669863470
[debug] [2025-02-16T01:01:13.303Z] >>> [apiv2][query] GET https://firebase.googleapis.com/v1beta1/projects/zen-2025 [none]
[debug] [2025-02-16T01:01:13.797Z] <<< [apiv2][status] GET https://firebase.googleapis.com/v1beta1/projects/zen-2025 200
[debug] [2025-02-16T01:01:13.797Z] <<< [apiv2][body] GET https://firebase.googleapis.com/v1beta1/projects/zen-2025 {"projectId":"zen-2025","projectNumber":"616118648646","displayName":"Zen 2025","name":"projects/zen-2025","resources":{"hostingSite":"zen-2025"},"state":"ACTIVE","etag":"1_2487d78f-162d-4646-af73-3b5b8f796557"}
[info] i  Using project zen-2025 (Zen 2025) 
[info] 
=== Hosting Setup
[debug] [2025-02-16T01:01:13.806Z] Checked if tokens are valid: true, expires at: 1739669863470
[debug] [2025-02-16T01:01:13.806Z] Checked if tokens are valid: true, expires at: 1739669863470
[debug] [2025-02-16T01:01:13.806Z] >>> [apiv2][query] GET https://firebase.googleapis.com/v1beta1/projects/zen-2025 [none]
[debug] [2025-02-16T01:01:14.057Z] <<< [apiv2][status] GET https://firebase.googleapis.com/v1beta1/projects/zen-2025 200
[debug] [2025-02-16T01:01:14.057Z] <<< [apiv2][body] GET https://firebase.googleapis.com/v1beta1/projects/zen-2025 {"projectId":"zen-2025","projectNumber":"616118648646","displayName":"Zen 2025","name":"projects/zen-2025","resources":{"hostingSite":"zen-2025"},"state":"ACTIVE","etag":"1_2487d78f-162d-4646-af73-3b5b8f796557"}
[info] 
[info] Your public directory is the folder (relative to your project directory) that
[info] will contain Hosting assets to be uploaded with firebase deploy. If you
[info] have a build process for your assets, use your build's output directory.
[info] 
